<?xml version="1.0" encoding="UTF-8"?>
<!-- Generated by org.testng.reporters.JUnitReportReporter -->
<testsuite hostname="JIVOXLAPMAC0034.local" failures="0" tests="1" name="testng.TestTestng" time="0.008" errors="0" timestamp="2020-06-05T17:41:58 IST" skipped="0">
  <testcase classname="testng.TestTestng" name="first" time="0.008"/>
  <system-out/>
</testsuite> <!-- testng.TestTestng -->
