<?xml version="1.0" encoding="UTF-8"?>
<!-- Generated by org.testng.reporters.JUnitReportReporter -->
<testsuite hostname="JIVOXLAPMAC0034.local" failures="0" tests="3" name="testng.TestTestng" time="0.012" errors="0" timestamp="2020-05-14T01:16:48 IST" skipped="0">
  <testcase classname="testng.TestTestng" name="f" time="0.010"/>
  <system-out/>
  <testcase classname="testng.TestTestng" name="f2" time="0.001"/>
  <system-out/>
  <testcase classname="testng.TestTestng" name="f1" time="0.001"/>
  <system-out/>
</testsuite> <!-- testng.TestTestng -->
